<?xml version="1.0" encoding="UTF-8" ?>
<testsuite errors="0" failures="0" hostname="SohailAhmad" name="com.app.calculatorTesting.AllTests" skipped="0" tests="5" time="0.524" timestamp="2018-03-31T04:38:07">
  <properties>
    <property name="file.encoding.pkg" value="sun.io" />
    <property name="env.PROMPT" value="$P$G" />
    <property name="env.=D:" value="D:\software\Study_Software(BSCS)\Eclipse and JDK\workspace\SimpleCalculator" />
    <property name="java.home" value="C:\Program Files\Java\jdk1.8.0_71\jre" />
    <property name="env.GIT_URL" value="https://github.com/sohail-ahmad-1610/141610.git" />
    <property name="java.endorsed.dirs" value="C:\Program Files\Java\jdk1.8.0_71\jre\lib\endorsed" />
    <property name="env.USERNAME" value="sohail" />
    <property name="debuglevel" value="source,lines,vars" />
    <property name="env.HUDSON_HOME" value="C:\Users\sohail\.jenkins" />
    <property name="ECLIPSE_HOME" value="../../eclipse-java-mars-1-win32-x86_64/eclipse/" />
    <property name="sun.os.patch.level" value="" />
    <property name="java.vendor.url" value="http://java.oracle.com/" />
    <property name="env.COMPUTERNAME" value="SOHAILAHMAD" />
    <property name="env.ProgramFiles(x86)" value="C:\Program Files (x86)" />
    <property name="env.NODE_NAME" value="master" />
    <property name="java.version" value="1.8.0_71" />
    <property name="env.NODE_LABELS" value="master" />
    <property name="env.JENKINS_SERVER_COOKIE" value="941a6b6cd98c073a" />
    <property name="java.vendor.url.bug" value="http://bugreport.sun.com/bugreport/" />
    <property name="env.USERPROFILE" value="C:\Users\sohail" />
    <property name="ant.project.invoked-targets" value="AllTests" />
    <property name="env.SystemRoot" value="C:\WINDOWS" />
    <property name="env.JAVA_OPTS" value=" &quot;-Djdk.tls.ephemeralDHKeySize=2048&quot; -Djava.protocol.handler.pkgs=org.apache.catalina.webresources" />
    <property name="user.name" value="sohail" />
    <property name="sun.io.unicode.encoding" value="UnicodeLittle" />
    <property name="sun.jnu.encoding" value="Cp1252" />
    <property name="java.runtime.name" value="Java(TM) SE Runtime Environment" />
    <property name="env.LOCALAPPDATA" value="C:\Users\sohail\AppData\Local" />
    <property name="env.CURRENT_DIR" value="C:\Users\sohail\Downloads\Programs\tomcat\apache-tomcat-8.5.29\bin" />
    <property name="env.VS140COMNTOOLS" value="C:\Program Files (x86)\Microsoft Visual Studio 14.0\Common7\Tools\" />
    <property name="java.specification.name" value="Java Platform API Specification" />
    <property name="user.timezone" value="" />
    <property name="user.script" value="" />
    <property name="path.separator" value=";" />
    <property name="env.PROCESSOR_IDENTIFIER" value="Intel64 Family 6 Model 58 Stepping 9, GenuineIntel" />
    <property name="env._JAVACMD" value="C:\Program Files\Java\jdk1.8.0_71\bin\java.exe" />
    <property name="file.encoding" value="Cp1252" />
    <property name="ant.project.default-target" value="build" />
    <property name="env.TITLE" value="Tomcat" />
    <property name="sun.java.command" value="org.apache.tools.ant.taskdefs.optional.junit.JUnitTestRunner com.app.calculatorTesting.AllTests skipNonTests=false filtertrace=true haltOnError=false haltOnFailure=false formatter=org.apache.tools.ant.taskdefs.optional.junit.OutErrSummaryJUnitResultFormatter showoutput=false outputtoformatters=true logfailedtests=true threadid=0 logtestlistenerevents=false formatter=org.apache.tools.ant.taskdefs.optional.junit.XMLJUnitResultFormatter,D:\software\Study_Software(BSCS)\Eclipse and JDK\workspace\SimpleCalculator\junit\TEST-com.app.calculatorTesting.AllTests.xml crashfile=D:\software\Study_Software(BSCS)\Eclipse and JDK\workspace\SimpleCalculator\junitvmwatcher92740457681912475.properties propsfile=D:\software\Study_Software(BSCS)\Eclipse and JDK\workspace\SimpleCalculator\junit4292975353013839896.properties" />
    <property name="env.RUN_DISPLAY_URL" value="http://localhost:8080/jenkins/job/i141610_ANT_TEST/3/display/redirect" />
    <property name="env.NUMBER_OF_PROCESSORS" value="4" />
    <property name="env.APPDATA" value="C:\Users\sohail\AppData\Roaming" />
    <property name="ant.file" value="D:\software\Study_Software(BSCS)\Eclipse and JDK\workspace\SimpleCalculator\build.xml" />
    <property name="env.BUILD_TAG" value="jenkins-i141610_ANT_TEST-3" />
    <property name="env.LOGGING_MANAGER" value="-Djava.util.logging.manager=org.apache.juli.ClassLoaderLogManager" />
    <property name="java.io.tmpdir" value="C:\Users\sohail\AppData\Local\Temp\" />
    <property name="user.language" value="en" />
    <property name="env.LOGGING_CONFIG" value="-Djava.util.logging.config.file=&quot;C:\Users\sohail\Downloads\Programs\tomcat\apache-tomcat-8.5.29\conf\logging.properties&quot;" />
    <property name="env.SystemDrive" value="C:" />
    <property name="line.separator" value="&#xd;&#xa;" />
    <property name="target" value="1.8" />
    <property name="env.CATALINA_BASE" value="C:\Users\sohail\Downloads\Programs\tomcat\apache-tomcat-8.5.29" />
    <property name="ant.file.type" value="file" />
    <property name="env.JOB_NAME" value="i141610_ANT_TEST" />
    <property name="java.vm.info" value="mixed mode" />
    <property name="source" value="1.8" />
    <property name="env.BUILD_DISPLAY_NAME" value="#3" />
    <property name="sun.desktop" value="windows" />
    <property name="java.vm.specification.name" value="Java Virtual Machine Specification" />
    <property name="env.JOB_DISPLAY_URL" value="http://localhost:8080/jenkins/job/i141610_ANT_TEST/display/redirect" />
    <property name="env.BUILD_URL" value="http://localhost:8080/jenkins/job/i141610_ANT_TEST/3/" />
    <property name="env.PATHEXT" value=".COM;.EXE;.BAT;.CMD;.VBS;.VBE;.JS;.JSE;.WSF;.WSH;.MSC" />
    <property name="env.USERDOMAIN_ROAMINGPROFILE" value="SOHAILAHMAD" />
    <property name="env.EXECUTABLE" value="C:\Users\sohail\Downloads\Programs\tomcat\apache-tomcat-8.5.29\bin\catalina.bat" />
    <property name="env.LOGONSERVER" value="\\MicrosoftAccount" />
    <property name="java.awt.printerjob" value="sun.awt.windows.WPrinterJob" />
    <property name="env.HUDSON_SERVER_COOKIE" value="941a6b6cd98c073a" />
    <property name="env.PUBLIC" value="C:\Users\Public" />
    <property name="ant.version" value="Apache Ant(TM) version 1.10.2 compiled on February 3 2018" />
    <property name="env.USERDOMAIN" value="SOHAILAHMAD" />
    <property name="env.VBOX_MSI_INSTALL_PATH" value="C:\Program Files\Oracle\VirtualBox\" />
    <property name="env._EXECJAVA" value="start &quot;Tomcat&quot; &quot;C:\Program Files\Java\jdk1.8.0_71\bin\java.exe&quot;" />
    <property name="env.PROCESSOR_LEVEL" value="6" />
    <property name="env.windir" value="C:\WINDOWS" />
    <property name="env.BUILD_NUMBER" value="3" />
    <property name="env.CommonProgramFiles(x86)" value="C:\Program Files (x86)\Common Files" />
    <property name="ant.file.SimpleCalculator" value="D:\software\Study_Software(BSCS)\Eclipse and JDK\workspace\SimpleCalculator\build.xml" />
    <property name="os.name" value="Windows 8.1" />
    <property name="java.specification.vendor" value="Oracle Corporation" />
    <property name="env.TMP" value="C:\Users\sohail\AppData\Local\Temp" />
    <property name="java.vm.name" value="Java HotSpot(TM) 64-Bit Server VM" />
    <property name="env.ProgramData" value="C:\ProgramData" />
    <property name="env.JOB_URL" value="http://localhost:8080/jenkins/job/i141610_ANT_TEST/" />
    <property name="env.OS" value="Windows_NT" />
    <property name="java.library.path" value="C:\Program Files\Java\jdk1.8.0_71\jre\bin;C:\WINDOWS\Sun\Java\bin;C:\WINDOWS\system32;C:\WINDOWS;C:\ProgramData\Oracle\Java\javapath;C:\Program Files\Microsoft SQL Server\130\Tools\Binn\;C:\Program Files\Microsoft\Web Platform Installer\;C:\Program Files\MATLAB\MATLAB Production Server\R2015a\runtime\win64;C:\Program Files\MATLAB\MATLAB Production Server\R2015a\bin;C:\Program Files\MATLAB\MATLAB Production Server\R2015a\polyspace\bin;C:\Program Files\dotnet\;C:\Program Files\Microsoft SQL Server\120\Tools\Binn\;C:\Program Files\Microsoft SQL Server\Client SDK\ODBC\110\Tools\Binn\;C:\Program Files (x86)\Microsoft SQL Server\120\Tools\Binn\ManagementStudio\;C:\Program Files (x86)\Microsoft SQL Server\120\Tools\Binn\;C:\Program Files (x86)\Microsoft SQL Server\120\DTS\Binn\;C:\Program Files\Microsoft SQL Server\120\DTS\Binn\;C:\Program Files\nodejs\;C:\Program Files (x86)\GtkSharp\2.12\bin;C:\Users\sohail\Downloads\Programs\ant\apache-ant-1.10.2\bin;C:\Program Files\Java\jdk1.8.0_71\bin;C:\Users\sohail\AppData\Roaming\npm;C:\Program Files (x86)\Microsoft VS Code\bin;C:\Users\sohail\Downloads\Programs\ant\apache-ant-1.10.2\bin;." />
    <property name="env.HUDSON_URL" value="http://localhost:8080/jenkins/" />
    <property name="ant.java.version" value="1.8" />
    <property name="env.JENKINS_URL" value="http://localhost:8080/jenkins/" />
    <property name="basedir" value="D:\software\Study_Software(BSCS)\Eclipse and JDK\workspace\SimpleCalculator" />
    <property name="java.class.version" value="52.0" />
    <property name="ant.home" value="C:\Users\sohail\Downloads\Programs\ant\apache-ant-1.10.2" />
    <property name="env.Path" value="C:\ProgramData\Oracle\Java\javapath;C:\Program Files\Microsoft SQL Server\130\Tools\Binn\;C:\Program Files\Microsoft\Web Platform Installer\;C:\Program Files\MATLAB\MATLAB Production Server\R2015a\runtime\win64;C:\Program Files\MATLAB\MATLAB Production Server\R2015a\bin;C:\Program Files\MATLAB\MATLAB Production Server\R2015a\polyspace\bin;C:\Program Files\dotnet\;C:\Program Files\Microsoft SQL Server\120\Tools\Binn\;C:\Program Files\Microsoft SQL Server\Client SDK\ODBC\110\Tools\Binn\;C:\Program Files (x86)\Microsoft SQL Server\120\Tools\Binn\ManagementStudio\;C:\Program Files (x86)\Microsoft SQL Server\120\Tools\Binn\;C:\Program Files (x86)\Microsoft SQL Server\120\DTS\Binn\;C:\Program Files\Microsoft SQL Server\120\DTS\Binn\;C:\Program Files\nodejs\;C:\Program Files (x86)\GtkSharp\2.12\bin;C:\Users\sohail\Downloads\Programs\ant\apache-ant-1.10.2\bin;C:\Program Files\Java\jdk1.8.0_71\bin;C:\Users\sohail\AppData\Roaming\npm;C:\Program Files (x86)\Microsoft VS Code\bin;C:\Users\sohail\Downloads\Programs\ant\apache-ant-1.10.2\bin" />
    <property name="env.GIT_COMMIT" value="3a0f4d59a04ec436df3bdd41600dc6dc3e23dda3" />
    <property name="env.JENKINS_HOME" value="C:\Users\sohail\.jenkins" />
    <property name="env.HOMEDRIVE" value="C:" />
    <property name="env._RUNJDB" value="&quot;C:\Program Files\Java\jdk1.8.0_71\bin\jdb.exe&quot;" />
    <property name="env.RUN_CHANGES_DISPLAY_URL" value="http://localhost:8080/jenkins/job/i141610_ANT_TEST/3/display/redirect?page=changes" />
    <property name="env.MYSQLCONNECTOR_ASSEMBLIESPATH" value="C:\Program Files (x86)\MySQL\Connector.NET 6.9\Assemblies\v4.5" />
    <property name="env.JSSE_OPTS" value="&quot;-Djdk.tls.ephemeralDHKeySize=2048&quot;" />
    <property name="sun.boot.library.path" value="C:\Program Files\Java\jdk1.8.0_71\jre\bin" />
    <property name="ant.file.type.SimpleCalculator" value="file" />
    <property name="env.PROCESSOR_REVISION" value="3a09" />
    <property name="sun.management.compiler" value="HotSpot 64-Bit Tiered Compilers" />
    <property name="java.awt.graphicsenv" value="sun.awt.Win32GraphicsEnvironment" />
    <property name="user.variant" value="" />
    <property name="env.GTK_BASEPATH" value="C:\Program Files (x86)\GtkSharp\2.12\" />
    <property name="env.ACTION" value="start" />
    <property name="env.JRE_HOME" value="C:\Program Files\Java\jdk1.8.0_71" />
    <property name="env.MAINCLASS" value="org.apache.catalina.startup.Bootstrap" />
    <property name="ant.project.name" value="SimpleCalculator" />
    <property name="java.vm.specification.version" value="1.8" />
    <property name="awt.toolkit" value="sun.awt.windows.WToolkit" />
    <property name="sun.cpu.isalist" value="amd64" />
    <property name="java.ext.dirs" value="C:\Program Files\Java\jdk1.8.0_71\jre\lib\ext;C:\WINDOWS\Sun\Java\lib\ext" />
    <property name="os.version" value="6.3" />
    <property name="user.home" value="C:\Users\sohail" />
    <property name="java.vm.vendor" value="Oracle Corporation" />
    <property name="env.CommonProgramW6432" value="C:\Program Files\Common Files" />
    <property name="env._RUNJAVA" value="&quot;C:\Program Files\Java\jdk1.8.0_71\bin\java.exe&quot;" />
    <property name="env.ProgramW6432" value="C:\Program Files" />
    <property name="junit.output.dir" value="junit" />
    <property name="user.dir" value="D:\software\Study_Software(BSCS)\Eclipse and JDK\workspace\SimpleCalculator" />
    <property name="env.FP_NO_HOST_CHECK" value="NO" />
    <property name="sun.cpu.endian" value="little" />
    <property name="env._USE_CLASSPATH" value="no" />
    <property name="env.ALLUSERSPROFILE" value="C:\ProgramData" />
    <property name="env.JDK_JAVA_OPTIONS" value=" --add-opens=java.base/java.lang=ALL-UNNAMED --add-opens=java.rmi/sun.rmi.transport=ALL-UNNAMED" />
    <property name="env.GIT_PREVIOUS_COMMIT" value="3a0f4d59a04ec436df3bdd41600dc6dc3e23dda3" />
    <property name="env.PROCESSOR_ARCHITECTURE" value="AMD64" />
    <property name="java.vm.version" value="25.71-b15" />
    <property name="java.class.path" value="D:\software\Study_Software(BSCS)\Eclipse and JDK\workspace\SimpleCalculator\bin;D:\software\Study_Software(BSCS)\Eclipse and JDK\eclipse-java-mars-1-win32-x86_64\eclipse\plugins\org.junit_4.12.0.v201504281640\junit.jar;D:\software\Study_Software(BSCS)\Eclipse and JDK\eclipse-java-mars-1-win32-x86_64\eclipse\plugins\org.hamcrest.core_1.3.0.v201303031735.jar;C:\Users\sohail\Downloads\Programs\ant\apache-ant-1.10.2\lib\junit.jar;C:\Users\sohail\Downloads\Programs\ant\apache-ant-1.10.2\lib\ant-launcher.jar;C:\Users\sohail\Downloads\Programs\ant\apache-ant-1.10.2\lib\ant.jar;C:\Users\sohail\Downloads\Programs\ant\apache-ant-1.10.2\lib\ant-junit.jar;C:\Users\sohail\Downloads\Programs\ant\apache-ant-1.10.2\lib\ant-junit4.jar" />
    <property name="env.HOMEPATH" value="\Users\sohail" />
    <property name="ant.library.dir" value="C:\Users\sohail\Downloads\Programs\ant\apache-ant-1.10.2\lib" />
    <property name="os.arch" value="amd64" />
    <property name="env.SESSIONNAME" value="Console" />
    <property name="dist.dir" value="D:\software\Study_Software(BSCS)\Eclipse and JDK\workspace\SimpleCalculator\dist" />
    <property name="env.ENDORSED_PROP" value="ignore.endorsed.dirs" />
    <property name="sun.java.launcher" value="SUN_STANDARD" />
    <property name="env.CommonProgramFiles" value="C:\Program Files\Common Files" />
    <property name="env.BUILD_ID" value="3" />
    <property name="ant.core.lib" value="C:\Users\sohail\Downloads\Programs\ant\apache-ant-1.10.2\lib\ant.jar" />
    <property name="env.ProgramFiles" value="C:\Program Files" />
    <property name="java.vm.specification.vendor" value="Oracle Corporation" />
    <property name="file.separator" value="\" />
    <property name="env.GIT_BRANCH" value="origin/master" />
    <property name="java.runtime.version" value="1.8.0_71-b15" />
    <property name="env.ANT_CMD_LINE_ARGS" value=" AllTests" />
    <property name="sun.boot.class.path" value="C:\Program Files\Java\jdk1.8.0_71\jre\lib\resources.jar;C:\Program Files\Java\jdk1.8.0_71\jre\lib\rt.jar;C:\Program Files\Java\jdk1.8.0_71\jre\lib\sunrsasign.jar;C:\Program Files\Java\jdk1.8.0_71\jre\lib\jsse.jar;C:\Program Files\Java\jdk1.8.0_71\jre\lib\jce.jar;C:\Program Files\Java\jdk1.8.0_71\jre\lib\charsets.jar;C:\Program Files\Java\jdk1.8.0_71\jre\lib\jfr.jar;C:\Program Files\Java\jdk1.8.0_71\jre\classes" />
    <property name="env.Java_Home" value="C:\Program Files\Java\jdk1.8.0_71" />
    <property name="env.ComSpec" value="C:\WINDOWS\system32\cmd.exe" />
    <property name="env.WORKSPACE" value="D:\software\Study_Software(BSCS)\Eclipse and JDK\workspace\SimpleCalculator" />
    <property name="env.TEMP" value="C:\Users\sohail\AppData\Local\Temp" />
    <property name="env.GIT_PREVIOUS_SUCCESSFUL_COMMIT" value="3a0f4d59a04ec436df3bdd41600dc6dc3e23dda3" />
    <property name="user.country" value="US" />
    <property name="env.ANT_HOME" value="C:\Users\sohail\Downloads\Programs\ant\apache-ant-1.10.2" />
    <property name="env.EXECUTOR_NUMBER" value="0" />
    <property name="env.JOB_BASE_NAME" value="i141610_ANT_TEST" />
    <property name="java.vendor" value="Oracle Corporation" />
    <property name="env.CATALINA_TMPDIR" value="C:\Users\sohail\Downloads\Programs\tomcat\apache-tomcat-8.5.29\temp" />
    <property name="env.PSModulePath" value="C:\WINDOWS\system32\WindowsPowerShell\v1.0\Modules\;C:\Program Files\WindowsPowerShell\Modules\;C:\Program Files (x86)\Microsoft SDKs\Azure\PowerShell\ResourceManager\AzureResourceManager\;C:\Program Files (x86)\Microsoft SDKs\Azure\PowerShell\ServiceManagement\;C:\Program Files (x86)\Microsoft SDKs\Azure\PowerShell\Storage\;C:\Program Files (x86)\Microsoft SQL Server\120\Tools\PowerShell\Modules\" />
    <property name="env.HUDSON_COOKIE" value="06155c3c-5206-4e11-ac2a-0c70cb9f98af" />
    <property name="env.CATALINA_HOME" value="C:\Users\sohail\Downloads\Programs\tomcat\apache-tomcat-8.5.29" />
    <property name="java.specification.version" value="1.8" />
    <property name="sun.arch.data.model" value="64" />
    <property name="env.=ExitCode" value="00000000" />
  </properties>
  <testcase classname="com.app.calculatorTesting.SimpleCalculatorTestCase" name="testAdd" time="0.049" />
  <testcase classname="com.app.calculatorTesting.SimpleCalculatorTestCase" name="testSubtract" time="0.0" />
  <testcase classname="com.app.calculatorTesting.SimpleCalculatorTestCase" name="TestException" time="0.001" />
  <testcase classname="com.app.calculatorTesting.SimpleCalculatorTestCase" name="testDivide" time="0.001" />
  <testcase classname="com.app.calculatorTesting.SimpleCalculatorTestCase" name="testMultiply" time="0.0" />
  <system-out><![CDATA[]]></system-out>
  <system-err><![CDATA[]]></system-err>
</testsuite>
